<?xml version="1.0" encoding="UTF-8"?>
<testng-results skipped="0" failed="0" ignored="0" total="2" passed="2">
  <reporter-output>
  </reporter-output>
  <suite name="Tests" duration-ms="31051" started-at="2018-11-30T02:39:58Z" finished-at="2018-11-30T02:40:29Z">
    <groups>
    </groups>
    <test name="Test1" duration-ms="31051" started-at="2018-11-30T02:39:58Z" finished-at="2018-11-30T02:40:29Z">
      <class name="tests.loginTest">
        <test-method status="PASS" signature="beforeMethod()[pri:0, instance:tests.loginTest@6adca536]" name="beforeMethod" is-config="true" duration-ms="6126" started-at="2018-11-30T02:39:59Z" finished-at="2018-11-30T02:40:05Z">
          <reporter-output>
          </reporter-output>
        </test-method> <!-- beforeMethod -->
        <test-method status="PASS" signature="f(java.lang.String, java.lang.String)[pri:0, instance:tests.loginTest@6adca536]" name="f" duration-ms="7592" started-at="2018-11-30T02:40:05Z" data-provider="inputval" finished-at="2018-11-30T02:40:13Z">
          <params>
            <param index="0">
              <value>
                <![CDATA[Admin]]>
              </value>
            </param>
            <param index="1">
              <value>
                <![CDATA[admin123]]>
              </value>
            </param>
          </params>
          <reporter-output>
          </reporter-output>
        </test-method> <!-- f -->
        <test-method status="PASS" signature="afterMethod()[pri:0, instance:tests.loginTest@6adca536]" name="afterMethod" is-config="true" duration-ms="2045" started-at="2018-11-30T02:40:13Z" finished-at="2018-11-30T02:40:15Z">
          <reporter-output>
          </reporter-output>
        </test-method> <!-- afterMethod -->
        <test-method status="PASS" signature="beforeMethod()[pri:0, instance:tests.loginTest@6adca536]" name="beforeMethod" is-config="true" duration-ms="4422" started-at="2018-11-30T02:40:15Z" finished-at="2018-11-30T02:40:19Z">
          <reporter-output>
          </reporter-output>
        </test-method> <!-- beforeMethod -->
        <test-method status="PASS" signature="f(java.lang.String, java.lang.String)[pri:0, instance:tests.loginTest@6adca536]" name="f" duration-ms="7909" started-at="2018-11-30T02:40:19Z" data-provider="inputval" finished-at="2018-11-30T02:40:27Z">
          <params>
            <param index="0">
              <value>
                <![CDATA[Admin]]>
              </value>
            </param>
            <param index="1">
              <value>
                <![CDATA[admin123]]>
              </value>
            </param>
          </params>
          <reporter-output>
          </reporter-output>
        </test-method> <!-- f -->
        <test-method status="PASS" signature="afterMethod()[pri:0, instance:tests.loginTest@6adca536]" name="afterMethod" is-config="true" duration-ms="2040" started-at="2018-11-30T02:40:27Z" finished-at="2018-11-30T02:40:29Z">
          <reporter-output>
          </reporter-output>
        </test-method> <!-- afterMethod -->
      </class> <!-- tests.loginTest -->
    </test> <!-- Test1 -->
  </suite> <!-- Tests -->
</testng-results>
